<html>
<head>
<title>TestNG:  Default test</title>
<link href="../testng.css" rel="stylesheet" type="text/css" />
<link href="../my-testng.css" rel="stylesheet" type="text/css" />

<style type="text/css">
.log { display: none;} 
.stack-trace { display: none;} 
</style>
<script type="text/javascript">
<!--
function flip(e) {
  current = e.style.display;
  if (current == 'block') {
    e.style.display = 'none';
    return 0;
  }
  else {
    e.style.display = 'block';
    return 1;
  }
}

function toggleBox(szDivId, elem, msg1, msg2)
{
  var res = -1;  if (document.getElementById) {
    res = flip(document.getElementById(szDivId));
  }
  else if (document.all) {
    // this is the way old msie versions work
    res = flip(document.all[szDivId]);
  }
  if(elem) {
    if(res == 0) elem.innerHTML = msg1; else elem.innerHTML = msg2;
  }

}

function toggleAllBoxes() {
  if (document.getElementsByTagName) {
    d = document.getElementsByTagName('div');
    for (i = 0; i < d.length; i++) {
      if (d[i].className == 'log') {
        flip(d[i]);
      }
    }
  }
}

// -->
</script>

</head>
<body>
<h2 align='center'>Default test</h2><table border='1' align="center">
<tr>
<td>Tests passed/Failed/Skipped:</td><td>0/1/0</td>
</tr><tr>
<td>Started on:</td><td>Fri Jul 31 20:57:30 IST 2020</td>
</tr>
<tr><td>Total time:</td><td>1 seconds (1064 ms)</td>
</tr><tr>
<td>Included groups:</td><td></td>
</tr><tr>
<td>Excluded groups:</td><td></td>
</tr>
</table><p/>
<small><i>(Hover the method name to see the test class name)</i></small><p/>
<table width='100%' border='1' class='invocation-failed'>
<tr><td colspan='4' align='center'><b>FAILED TESTS</b></td></tr>
<tr><td><b>Test method</b></td>
<td width="30%"><b>Exception</b></td>
<td width="10%"><b>Time (seconds)</b></td>
<td><b>Instance</b></td>
</tr>
<tr>
<td title='com.youtube.org.E2E_FRAMEWORK_YOUTUBE.MainTCYouTube.TC002()'><b>TC002</b><br>Test class: com.youtube.org.E2E_FRAMEWORK_YOUTUBE.MainTCYouTube</td>
<td><div><pre>org.openqa.selenium.SessionNotCreatedException: Unable to create a new remote session. Please check the server log for more details. Original error: Unable to parse remote response: &lt;!DOCTYPE html&gt;
&lt;html lang=&quot;en&quot;&gt;
&lt;head&gt;
&lt;meta charset=&quot;utf-8&quot;&gt;
&lt;title&gt;Error&lt;/title&gt;
&lt;/head&gt;
&lt;body&gt;
&lt;pre&gt;Error: EPIPE: broken pipe, write&lt;br&gt; &amp;nbsp; &amp;nbsp;at Socket._write (internal/net.js:58:25)&lt;br&gt; &amp;nbsp; &amp;nbsp;at doWrite (_stream_writable.js:415:12)&lt;br&gt; &amp;nbsp; &amp;nbsp;at writeOrBuffer (_stream_writable.js:399:5)&lt;br&gt; &amp;nbsp; &amp;nbsp;at Socket.Writable.write (_stream_writable.js:299:11)&lt;br&gt; &amp;nbsp; &amp;nbsp;at Console.log (C:\Users\SARAVANAN R\AppData\Roaming\npm\node_modules\appium\node_modules\winston\lib\winston\transports\console.js:79:23)&lt;br&gt; &amp;nbsp; &amp;nbsp;at Console._write (C:\Users\SARAVANAN R\AppData\Roaming\npm\node_modules\appium\node_modules\winston-transport\index.js:103:17)&lt;br&gt; &amp;nbsp; &amp;nbsp;at doWrite (C:\Users\SARAVANAN R\AppData\Roaming\npm\node_modules\appium\node_modules\winston-transport\node_modules\readable-stream\lib\_stream_writable.js:428:64)&lt;br&gt; &amp;nbsp; &amp;nbsp;at writeOrBuffer (C:\Users\SARAVANAN R\AppData\Roaming\npm\node_modules\appium\node_modules\winston-transport\node_modules\readable-stream\lib\_stream_writable.js:417:5)&lt;br&gt; &amp;nbsp; &amp;nbsp;at Console.Writable.write (C:\Users\SARAVANAN R\AppData\Roaming\npm\node_modules\appium\node_modules\winston-transport\node_modules\readable-stream\lib\_stream_writable.js:334:11)&lt;br&gt; &amp;nbsp; &amp;nbsp;at DerivedLogger.ondata (C:\Users\SARAVANAN R\AppData\Roaming\npm\node_modules\appium\node_modules\readable-stream\lib\_stream_readable.js:681:20)&lt;br&gt; &amp;nbsp; &amp;nbsp;at DerivedLogger.emit (events.js:198:13)&lt;br&gt; &amp;nbsp; &amp;nbsp;at addChunk (C:\Users\SARAVANAN R\AppData\Roaming\npm\node_modules\appium\node_modules\readable-stream\lib\_stream_readable.js:298:12)&lt;br&gt; &amp;nbsp; &amp;nbsp;at readableAddChunk (C:\Users\SARAVANAN R\AppData\Roaming\npm\node_modules\appium\node_modules\readable-stream\lib\_stream_readable.js:280:11)&lt;br&gt; &amp;nbsp; &amp;nbsp;at DerivedLogger.Readable.push (C:\Users\SARAVANAN R\AppData\Roaming\npm\node_modules\appium\node_modules\readable-stream\lib\_stream_readable.js:241:10)&lt;br&gt; &amp;nbsp; &amp;nbsp;at DerivedLogger.Transform.push (C:\Users\SARAVANAN R\AppData\Roaming\npm\node_modules\appium\node_modules\readable-stream\lib\_stream_transform.js:139:32)&lt;br&gt; &amp;nbsp; &amp;nbsp;at DerivedLogger._transform (C:\Users\SARAVANAN R\AppData\Roaming\npm\node_modules\appium\node_modules\winston\lib\winston\logger.js:305:12)&lt;/pre&gt;
&lt;/body&gt;
&lt;/html&gt;

Build info: version: &apos;3.141.59&apos;, revision: &apos;e82be7d358&apos;, time: &apos;2018-11-14T08:17:03&apos;
System info: host: &apos;SARAVANANR&apos;, ip: &apos;192.168.89.1&apos;, os.name: &apos;Windows 10&apos;, os.arch: &apos;amd64&apos;, os.version: &apos;10.0&apos;, java.version: &apos;1.8.0_212&apos;
Driver info: driver.version: AndroidDriver
	at io.appium.java_client.remote.AppiumCommandExecutor$1.createSession(AppiumCommandExecutor.java:208)
	at io.appium.java_client.remote.AppiumCommandExecutor.createSession(AppiumCommandExecutor.java:217)
	at io.appium.java_client.remote.AppiumCommandExecutor.execute(AppiumCommandExecutor.java:239)
	at org.openqa.selenium.remote.RemoteWebDriver.execute(RemoteWebDriver.java:552)
	at io.appium.java_client.DefaultGenericMobileDriver.execute(DefaultGenericMobileDriver.java:41)
	at io.appium.java_client.AppiumDriver.execute(AppiumDriver.java:1)
	at io.appium.java_client.android.AndroidDriver.execute(AndroidDriver.java:1)
	at org.openqa.selenium.remote.RemoteWebDriver.startSession(RemoteWebDriver.java:213)
	at io.appium.java_client.AppiumDriver.startSession(AppiumDriver.java:336)
	at org.openqa.selenium.remote.RemoteWebDriver.&lt;init&gt;(RemoteWebDriver.java:131)
	at io.appium.java_client.DefaultGenericMobileDriver.&lt;init&gt;(DefaultGenericMobileDriver.java:37)
	at io.appium.java_client.AppiumDriver.&lt;init&gt;(AppiumDriver.java:88)
	at io.appium.java_client.AppiumDriver.&lt;init&gt;(AppiumDriver.java:98)
	at io.appium.java_client.android.AndroidDriver.&lt;init&gt;(AndroidDriver.java:94)
	at com.youtube.org.E2E_FRAMEWORK_YOUTUBE.BaseYouTube.basecall(BaseYouTube.java:40)
	at com.youtube.org.E2E_FRAMEWORK_YOUTUBE.MainTCYouTube.TC002(MainTCYouTube.java:21)
	at sun.reflect.NativeMethodAccessorImpl.invoke0(Native Method)
	at sun.reflect.NativeMethodAccessorImpl.invoke(Unknown Source)
	at sun.reflect.DelegatingMethodAccessorImpl.invoke(Unknown Source)
	at java.lang.reflect.Method.invoke(Unknown Source)
	at org.testng.internal.MethodInvocationHelper.invokeMethod(MethodInvocationHelper.java:134)
	at org.testng.internal.TestInvoker.invokeMethod(TestInvoker.java:597)
	at org.testng.internal.TestInvoker.invokeTestMethod(TestInvoker.java:173)
	at org.testng.internal.MethodRunner.runInSequence(MethodRunner.java:46)
	at org.testng.internal.TestInvoker$MethodInvocationAgent.invoke(TestInvoker.java:816)
	at org.testng.internal.TestInvoker.invokeTestMethods(TestInvoker.java:146)
	at org.testng.internal.TestMethodWorker.invokeTestMethods(TestMethodWorker.java:146)
	at org.testng.internal.TestMethodWorker.run(TestMethodWorker.java:128)
	at java.util.ArrayList.forEach(Unknown Source)
	at org.testng.TestRunner.privateRun(TestRunner.java:766)
	at org.testng.TestRunner.run(TestRunner.java:587)
	at org.testng.SuiteRunner.runTest(SuiteRunner.java:384)
	at org.testng.SuiteRunner.runSequentially(SuiteRunner.java:378)
	at org.testng.SuiteRunner.privateRun(SuiteRunner.java:337)
	at org.testng.SuiteRunner.run(SuiteRunner.java:286)
	at org.testng.SuiteRunnerWorker.runSuite(SuiteRunnerWorker.java:53)
	at org.testng.SuiteRunnerWorker.run(SuiteRunnerWorker.java:96)
	at org.testng.TestNG.runSuitesSequentially(TestNG.java:1187)
	at org.testng.TestNG.runSuitesLocally(TestNG.java:1109)
	at org.testng.TestNG.runSuites(TestNG.java:1039)
	at org.testng.TestNG.run(TestNG.java:1007)
	at org.testng.remote.AbstractRemoteTestNG.run(AbstractRemoteTestNG.java:115)
	at org.testng.remote.RemoteTestNG.initAndRun(RemoteTestNG.java:251)
	at org.testng.remote.RemoteTestNG.main(RemoteTestNG.java:77)
Caused by: java.lang.reflect.InvocationTargetException
	at sun.reflect.NativeMethodAccessorImpl.invoke0(Native Method)
	at sun.reflect.NativeMethodAccessorImpl.invoke(Unknown Source)
	at sun.reflect.DelegatingMethodAccessorImpl.invoke(Unknown Source)
	at java.lang.reflect.Method.invoke(Unknown Source)
	at io.appium.java_client.remote.AppiumCommandExecutor$1.createSession(AppiumCommandExecutor.java:186)
	... 43 more
Caused by: org.openqa.selenium.WebDriverException: Unable to parse remote response: &lt;!DOCTYPE html&gt;
&lt;html lang=&quot;en&quot;&gt;
&lt;head&gt;
&lt;meta charset=&quot;utf-8&quot;&gt;
&lt;title&gt;Error&lt;/title&gt;
&lt;/head&gt;
&lt;body&gt;
&lt;pre&gt;Error: EPIPE: broken pipe, write&lt;br&gt; &amp;nbsp; &amp;nbsp;at Socket._write (internal/net.js:58:25)&lt;br&gt; &amp;nbsp; &amp;nbsp;at doWrite (_stream_writable.js:415:12)&lt;br&gt; &amp;nbsp; &amp;nbsp;at writeOrBuffer (_stream_writable.js:399:5)&lt;br&gt; &amp;nbsp; &amp;nbsp;at Socket.Writable.write (_stream_writable.js:299:11)&lt;br&gt; &amp;nbsp; &amp;nbsp;at Console.log (C:\Users\SARAVANAN R\AppData\Roaming\npm\node_modules\appium\node_modules\winston\lib\winston\transports\console.js:79:23)&lt;br&gt; &amp;nbsp; &amp;nbsp;at Console._write (C:\Users\SARAVANAN R\AppData\Roaming\npm\node_modules\appium\node_modules\winston-transport\index.js:103:17)&lt;br&gt; &amp;nbsp; &amp;nbsp;at doWrite (C:\Users\SARAVANAN R\AppData\Roaming\npm\node_modules\appium\node_modules\winston-transport\node_modules\readable-stream\lib\_stream_writable.js:428:64)&lt;br&gt; &amp;nbsp; &amp;nbsp;at writeOrBuffer (C:\Users\SARAVANAN R\AppData\Roaming\npm\node_modules\appium\node_modules\winston-transport\node_modules\readable-stream\lib\_stream_writable.js:417:5)&lt;br&gt; &amp;nbsp; &amp;nbsp;at Console.Writable.write (C:\Users\SARAVANAN R\AppData\Roaming\npm\node_modules\appium\node_modules\winston-transport\node_modules\readable-stream\lib\_stream_writable.js:334:11)&lt;br&gt; &amp;nbsp; &amp;nbsp;at DerivedLogger.ondata (C:\Users\SARAVANAN R\AppData\Roaming\npm\node_modules\appium\node_modules\readable-stream\lib\_stream_readable.js:681:20)&lt;br&gt; &amp;nbsp; &amp;nbsp;at DerivedLogger.emit (events.js:198:13)&lt;br&gt; &amp;nbsp; &amp;nbsp;at addChunk (C:\Users\SARAVANAN R\AppData\Roaming\npm\node_modules\appium\node_modules\readable-stream\lib\_stream_readable.js:298:12)&lt;br&gt; &amp;nbsp; &amp;nbsp;at readableAddChunk (C:\Users\SARAVANAN R\AppData\Roaming\npm\node_modules\appium\node_modules\readable-stream\lib\_stream_readable.js:280:11)&lt;br&gt; &amp;nbsp; &amp;nbsp;at DerivedLogger.Readable.push (C:\Users\SARAVANAN R\AppData\Roaming\npm\node_modules\appium\node_modules\readable-stream\lib\_stream_readable.js:241:10)&lt;br&gt; &amp;nbsp; &amp;nbsp;at DerivedLogger.Transform.push (C:\Users\SARAVANAN R\AppData\Roaming\npm\node_modules\appium\node_modules\readable-stream\lib\_stream_transform.js:139:32)&lt;br&gt; &amp;nbsp; &amp;nbsp;at DerivedLogger._transform (C:\Users\SARAVANAN R\AppData\Roaming\npm\node_modules\appium\node_modules\winston\lib\winston\logger.js:305:12)&lt;/pre&gt;
&lt;/body&gt;
&lt;/html&gt;

	at org.openqa.selenium.remote.ProtocolHandshake.createSession(ProtocolHandshake.java:115)
	... 48 more
Caused by: org.openqa.selenium.json.JsonException: Unable to determine type from: &lt;. Last 1 characters read: &lt;
Build info: version: &apos;3.141.59&apos;, revision: &apos;e82be7d358&apos;, time: &apos;2018-11-14T08:17:03&apos;
System info: host: &apos;SARAVANANR&apos;, ip: &apos;192.168.89.1&apos;, os.name: &apos;Windows 10&apos;, os.arch: &apos;amd64&apos;, os.version: &apos;10.0&apos;, java.version: &apos;1.8.0_212&apos;
Driver info: driver.version: AndroidDriver
	at org.openqa.selenium.json.JsonInput.peek(JsonInput.java:122)
	at org.openqa.selenium.json.JsonTypeCoercer.lambda$null$6(JsonTypeCoercer.java:140)
	at org.openqa.selenium.json.JsonTypeCoercer.coerce(JsonTypeCoercer.java:126)
	at org.openqa.selenium.json.Json.toType(Json.java:69)
	at org.openqa.selenium.json.Json.toType(Json.java:55)
	at org.openqa.selenium.json.Json.toType(Json.java:50)
	at org.openqa.selenium.remote.ProtocolHandshake.createSession(ProtocolHandshake.java:112)
	... 48 more
</pre></div><a href='#' onClick='toggleBox("stack-trace225672073", this, "Click to show all stack frames", "Click to hide stack frames")'>Click to show all stack frames</a>
<div class='stack-trace' id='stack-trace225672073'><pre>org.openqa.selenium.SessionNotCreatedException: Unable to create a new remote session. Please check the server log for more details. Original error: Unable to parse remote response: &lt;!DOCTYPE html&gt;
&lt;html lang=&quot;en&quot;&gt;
&lt;head&gt;
&lt;meta charset=&quot;utf-8&quot;&gt;
&lt;title&gt;Error&lt;/title&gt;
&lt;/head&gt;
&lt;body&gt;
&lt;pre&gt;Error: EPIPE: broken pipe, write&lt;br&gt; &amp;nbsp; &amp;nbsp;at Socket._write (internal/net.js:58:25)&lt;br&gt; &amp;nbsp; &amp;nbsp;at doWrite (_stream_writable.js:415:12)&lt;br&gt; &amp;nbsp; &amp;nbsp;at writeOrBuffer (_stream_writable.js:399:5)&lt;br&gt; &amp;nbsp; &amp;nbsp;at Socket.Writable.write (_stream_writable.js:299:11)&lt;br&gt; &amp;nbsp; &amp;nbsp;at Console.log (C:\Users\SARAVANAN R\AppData\Roaming\npm\node_modules\appium\node_modules\winston\lib\winston\transports\console.js:79:23)&lt;br&gt; &amp;nbsp; &amp;nbsp;at Console._write (C:\Users\SARAVANAN R\AppData\Roaming\npm\node_modules\appium\node_modules\winston-transport\index.js:103:17)&lt;br&gt; &amp;nbsp; &amp;nbsp;at doWrite (C:\Users\SARAVANAN R\AppData\Roaming\npm\node_modules\appium\node_modules\winston-transport\node_modules\readable-stream\lib\_stream_writable.js:428:64)&lt;br&gt; &amp;nbsp; &amp;nbsp;at writeOrBuffer (C:\Users\SARAVANAN R\AppData\Roaming\npm\node_modules\appium\node_modules\winston-transport\node_modules\readable-stream\lib\_stream_writable.js:417:5)&lt;br&gt; &amp;nbsp; &amp;nbsp;at Console.Writable.write (C:\Users\SARAVANAN R\AppData\Roaming\npm\node_modules\appium\node_modules\winston-transport\node_modules\readable-stream\lib\_stream_writable.js:334:11)&lt;br&gt; &amp;nbsp; &amp;nbsp;at DerivedLogger.ondata (C:\Users\SARAVANAN R\AppData\Roaming\npm\node_modules\appium\node_modules\readable-stream\lib\_stream_readable.js:681:20)&lt;br&gt; &amp;nbsp; &amp;nbsp;at DerivedLogger.emit (events.js:198:13)&lt;br&gt; &amp;nbsp; &amp;nbsp;at addChunk (C:\Users\SARAVANAN R\AppData\Roaming\npm\node_modules\appium\node_modules\readable-stream\lib\_stream_readable.js:298:12)&lt;br&gt; &amp;nbsp; &amp;nbsp;at readableAddChunk (C:\Users\SARAVANAN R\AppData\Roaming\npm\node_modules\appium\node_modules\readable-stream\lib\_stream_readable.js:280:11)&lt;br&gt; &amp;nbsp; &amp;nbsp;at DerivedLogger.Readable.push (C:\Users\SARAVANAN R\AppData\Roaming\npm\node_modules\appium\node_modules\readable-stream\lib\_stream_readable.js:241:10)&lt;br&gt; &amp;nbsp; &amp;nbsp;at DerivedLogger.Transform.push (C:\Users\SARAVANAN R\AppData\Roaming\npm\node_modules\appium\node_modules\readable-stream\lib\_stream_transform.js:139:32)&lt;br&gt; &amp;nbsp; &amp;nbsp;at DerivedLogger._transform (C:\Users\SARAVANAN R\AppData\Roaming\npm\node_modules\appium\node_modules\winston\lib\winston\logger.js:305:12)&lt;/pre&gt;
&lt;/body&gt;
&lt;/html&gt;

Build info: version: &apos;3.141.59&apos;, revision: &apos;e82be7d358&apos;, time: &apos;2018-11-14T08:17:03&apos;
System info: host: &apos;SARAVANANR&apos;, ip: &apos;192.168.89.1&apos;, os.name: &apos;Windows 10&apos;, os.arch: &apos;amd64&apos;, os.version: &apos;10.0&apos;, java.version: &apos;1.8.0_212&apos;
Driver info: driver.version: AndroidDriver
	at io.appium.java_client.remote.AppiumCommandExecutor$1.createSession(AppiumCommandExecutor.java:208)
	at io.appium.java_client.remote.AppiumCommandExecutor.createSession(AppiumCommandExecutor.java:217)
	at io.appium.java_client.remote.AppiumCommandExecutor.execute(AppiumCommandExecutor.java:239)
	at org.openqa.selenium.remote.RemoteWebDriver.execute(RemoteWebDriver.java:552)
	at io.appium.java_client.DefaultGenericMobileDriver.execute(DefaultGenericMobileDriver.java:41)
	at io.appium.java_client.AppiumDriver.execute(AppiumDriver.java:1)
	at io.appium.java_client.android.AndroidDriver.execute(AndroidDriver.java:1)
	at org.openqa.selenium.remote.RemoteWebDriver.startSession(RemoteWebDriver.java:213)
	at io.appium.java_client.AppiumDriver.startSession(AppiumDriver.java:336)
	at org.openqa.selenium.remote.RemoteWebDriver.&lt;init&gt;(RemoteWebDriver.java:131)
	at io.appium.java_client.DefaultGenericMobileDriver.&lt;init&gt;(DefaultGenericMobileDriver.java:37)
	at io.appium.java_client.AppiumDriver.&lt;init&gt;(AppiumDriver.java:88)
	at io.appium.java_client.AppiumDriver.&lt;init&gt;(AppiumDriver.java:98)
	at io.appium.java_client.android.AndroidDriver.&lt;init&gt;(AndroidDriver.java:94)
	at com.youtube.org.E2E_FRAMEWORK_YOUTUBE.BaseYouTube.basecall(BaseYouTube.java:40)
	at com.youtube.org.E2E_FRAMEWORK_YOUTUBE.MainTCYouTube.TC002(MainTCYouTube.java:21)
	at sun.reflect.NativeMethodAccessorImpl.invoke0(Native Method)
	at sun.reflect.NativeMethodAccessorImpl.invoke(Unknown Source)
	at sun.reflect.DelegatingMethodAccessorImpl.invoke(Unknown Source)
	at java.lang.reflect.Method.invoke(Unknown Source)
	at org.testng.internal.MethodInvocationHelper.invokeMethod(MethodInvocationHelper.java:134)
	at org.testng.internal.TestInvoker.invokeMethod(TestInvoker.java:597)
	at org.testng.internal.TestInvoker.invokeTestMethod(TestInvoker.java:173)
	at org.testng.internal.MethodRunner.runInSequence(MethodRunner.java:46)
	at org.testng.internal.TestInvoker$MethodInvocationAgent.invoke(TestInvoker.java:816)
	at org.testng.internal.TestInvoker.invokeTestMethods(TestInvoker.java:146)
	at org.testng.internal.TestMethodWorker.invokeTestMethods(TestMethodWorker.java:146)
	at org.testng.internal.TestMethodWorker.run(TestMethodWorker.java:128)
	at java.util.ArrayList.forEach(Unknown Source)
	at org.testng.TestRunner.privateRun(TestRunner.java:766)
	at org.testng.TestRunner.run(TestRunner.java:587)
	at org.testng.SuiteRunner.runTest(SuiteRunner.java:384)
	at org.testng.SuiteRunner.runSequentially(SuiteRunner.java:378)
	at org.testng.SuiteRunner.privateRun(SuiteRunner.java:337)
	at org.testng.SuiteRunner.run(SuiteRunner.java:286)
	at org.testng.SuiteRunnerWorker.runSuite(SuiteRunnerWorker.java:53)
	at org.testng.SuiteRunnerWorker.run(SuiteRunnerWorker.java:96)
	at org.testng.TestNG.runSuitesSequentially(TestNG.java:1187)
	at org.testng.TestNG.runSuitesLocally(TestNG.java:1109)
	at org.testng.TestNG.runSuites(TestNG.java:1039)
	at org.testng.TestNG.run(TestNG.java:1007)
	at org.testng.remote.AbstractRemoteTestNG.run(AbstractRemoteTestNG.java:115)
	at org.testng.remote.RemoteTestNG.initAndRun(RemoteTestNG.java:251)
	at org.testng.remote.RemoteTestNG.main(RemoteTestNG.java:77)
Caused by: java.lang.reflect.InvocationTargetException
	at sun.reflect.NativeMethodAccessorImpl.invoke0(Native Method)
	at sun.reflect.NativeMethodAccessorImpl.invoke(Unknown Source)
	at sun.reflect.DelegatingMethodAccessorImpl.invoke(Unknown Source)
	at java.lang.reflect.Method.invoke(Unknown Source)
	at io.appium.java_client.remote.AppiumCommandExecutor$1.createSession(AppiumCommandExecutor.java:186)
	... 43 more
Caused by: org.openqa.selenium.WebDriverException: Unable to parse remote response: &lt;!DOCTYPE html&gt;
&lt;html lang=&quot;en&quot;&gt;
&lt;head&gt;
&lt;meta charset=&quot;utf-8&quot;&gt;
&lt;title&gt;Error&lt;/title&gt;
&lt;/head&gt;
&lt;body&gt;
&lt;pre&gt;Error: EPIPE: broken pipe, write&lt;br&gt; &amp;nbsp; &amp;nbsp;at Socket._write (internal/net.js:58:25)&lt;br&gt; &amp;nbsp; &amp;nbsp;at doWrite (_stream_writable.js:415:12)&lt;br&gt; &amp;nbsp; &amp;nbsp;at writeOrBuffer (_stream_writable.js:399:5)&lt;br&gt; &amp;nbsp; &amp;nbsp;at Socket.Writable.write (_stream_writable.js:299:11)&lt;br&gt; &amp;nbsp; &amp;nbsp;at Console.log (C:\Users\SARAVANAN R\AppData\Roaming\npm\node_modules\appium\node_modules\winston\lib\winston\transports\console.js:79:23)&lt;br&gt; &amp;nbsp; &amp;nbsp;at Console._write (C:\Users\SARAVANAN R\AppData\Roaming\npm\node_modules\appium\node_modules\winston-transport\index.js:103:17)&lt;br&gt; &amp;nbsp; &amp;nbsp;at doWrite (C:\Users\SARAVANAN R\AppData\Roaming\npm\node_modules\appium\node_modules\winston-transport\node_modules\readable-stream\lib\_stream_writable.js:428:64)&lt;br&gt; &amp;nbsp; &amp;nbsp;at writeOrBuffer (C:\Users\SARAVANAN R\AppData\Roaming\npm\node_modules\appium\node_modules\winston-transport\node_modules\readable-stream\lib\_stream_writable.js:417:5)&lt;br&gt; &amp;nbsp; &amp;nbsp;at Console.Writable.write (C:\Users\SARAVANAN R\AppData\Roaming\npm\node_modules\appium\node_modules\winston-transport\node_modules\readable-stream\lib\_stream_writable.js:334:11)&lt;br&gt; &amp;nbsp; &amp;nbsp;at DerivedLogger.ondata (C:\Users\SARAVANAN R\AppData\Roaming\npm\node_modules\appium\node_modules\readable-stream\lib\_stream_readable.js:681:20)&lt;br&gt; &amp;nbsp; &amp;nbsp;at DerivedLogger.emit (events.js:198:13)&lt;br&gt; &amp;nbsp; &amp;nbsp;at addChunk (C:\Users\SARAVANAN R\AppData\Roaming\npm\node_modules\appium\node_modules\readable-stream\lib\_stream_readable.js:298:12)&lt;br&gt; &amp;nbsp; &amp;nbsp;at readableAddChunk (C:\Users\SARAVANAN R\AppData\Roaming\npm\node_modules\appium\node_modules\readable-stream\lib\_stream_readable.js:280:11)&lt;br&gt; &amp;nbsp; &amp;nbsp;at DerivedLogger.Readable.push (C:\Users\SARAVANAN R\AppData\Roaming\npm\node_modules\appium\node_modules\readable-stream\lib\_stream_readable.js:241:10)&lt;br&gt; &amp;nbsp; &amp;nbsp;at DerivedLogger.Transform.push (C:\Users\SARAVANAN R\AppData\Roaming\npm\node_modules\appium\node_modules\readable-stream\lib\_stream_transform.js:139:32)&lt;br&gt; &amp;nbsp; &amp;nbsp;at DerivedLogger._transform (C:\Users\SARAVANAN R\AppData\Roaming\npm\node_modules\appium\node_modules\winston\lib\winston\logger.js:305:12)&lt;/pre&gt;
&lt;/body&gt;
&lt;/html&gt;

	at org.openqa.selenium.remote.ProtocolHandshake.createSession(ProtocolHandshake.java:115)
	... 48 more
Caused by: org.openqa.selenium.json.JsonException: Unable to determine type from: &lt;. Last 1 characters read: &lt;
Build info: version: &apos;3.141.59&apos;, revision: &apos;e82be7d358&apos;, time: &apos;2018-11-14T08:17:03&apos;
System info: host: &apos;SARAVANANR&apos;, ip: &apos;192.168.89.1&apos;, os.name: &apos;Windows 10&apos;, os.arch: &apos;amd64&apos;, os.version: &apos;10.0&apos;, java.version: &apos;1.8.0_212&apos;
Driver info: driver.version: AndroidDriver
	at org.openqa.selenium.json.JsonInput.peek(JsonInput.java:122)
	at org.openqa.selenium.json.JsonTypeCoercer.lambda$null$6(JsonTypeCoercer.java:140)
	at org.openqa.selenium.json.JsonTypeCoercer.coerce(JsonTypeCoercer.java:126)
	at org.openqa.selenium.json.Json.toType(Json.java:69)
	at org.openqa.selenium.json.Json.toType(Json.java:55)
	at org.openqa.selenium.json.Json.toType(Json.java:50)
	at org.openqa.selenium.remote.ProtocolHandshake.createSession(ProtocolHandshake.java:112)
	... 48 more
</pre></div></td>
<td>1</td>
<td>com.youtube.org.E2E_FRAMEWORK_YOUTUBE.MainTCYouTube@12f41634</td></tr>
</table><p>
</body>
</html>